Arguments: 
  C:\Program Files\nodejs\node.exe C:\Program Files (x86)\Yarn\bin\yarn.js

PATH: 
  C:\Users\New\.babun\cygwin\home\New\.local\bin;C:\Users\New\.babun\cygwin\usr\local\bin;C:\Users\New\.babun\cygwin\home\New\.local\bin;C:\Users\New\.babun\cygwin\usr\local\bin;C:\Users\New\.babun\cygwin\bin;C:\Program Files (x86)\Intel\iCLS Client;C:\Program Files\Intel\iCLS Client;C:\Program Files (x86)\NVIDIA Corporation\PhysX\Common;C:\WINDOWS\system32;C:\WINDOWS;C:\WINDOWS\System32\Wbem;C:\WINDOWS\System32\WindowsPowerShell\v1.0;C:\Program Files\Intel\Intel(R) Management Engine Components\DAL;C:\Program Files\Intel\Intel(R) Management Engine Components\IPT;C:\Program Files (x86)\Intel\Intel(R) Management Engine Components\DAL;C:\Program Files (x86)\Intel\Intel(R) Management Engine Components\IPT;C:\Program Files (x86)\Calibre2;C:\Program Files\Microsoft VS Code\bin;C:\Program Files\nodejs;C:\Program Files (x86)\Yarn\bin;C:\Users\New\.babun;C:\Users\New\AppData\Roaming\npm;C:\Users\New\AppData\Local\Yarn\bin

Yarn version: 
  1.9.4

Node version: 
  8.11.4

Platform: 
  win32 x64

Trace: 
  Error: EPERM: operation not permitted, unlink 'C:\Users\New\.babun\cygwin\home\New\workspace\personalproject\node_modules\warning\node_modules\.bin'

npm manifest: 
  {
    "name": "personal-project",
    "version": "0.2.0",
    "description": "Using React Router to navigate the taxonomic rank",
    "repository": "https://github.com/dev-academy-challenges/taxonomic-routing.git",
    "main": "server/index.js",
    "scripts": {
      "start": "node server & webpack --watch",
      "test": "jest --watch --noStackTrace"
    },
    "babel": {
      "presets": [
        "env",
        "react"
      ]
    },
    "author": "EDA",
    "license": "ISC",
    "devDependencies": {
      "jest": "^22.1.4",
      "nodemon": "^1.18.4",
      "react": "^16.4.2",
      "react-dom": "^16.4.2",
      "react-router-dom": "^4.2.2",
      "webpack": "^3.0"
    },
    "dependencies": {
      "express": "^4.16.2",
      "knex": "^0.15.2"
    }
  }

yarn manifest: 
  No manifest

Lockfile: 
  No lockfile
